This is pdfTeX, Version 3.141592653-2.6-1.40.23 (TeX Live 2021/W32TeX) (preloaded format=pdflatex 2021.8.30)  4 SEP 2021 15:54
entering extended mode
 restricted \write18 enabled.
 file:line:error style messages enabled.
 %&-line parsing enabled.
**"c:/Users/Sai Kartik/Desktop/DD Assignments/Lab 1/SaiKartik_2020A3PS0435P.tex"
(c:/Users/Sai Kartik/Desktop/DD Assignments/Lab 1/SaiKartik_2020A3PS0435P.tex
LaTeX2e <2021-06-01> patch level 1
L3 programming layer <2021-08-27> (f:/texlive/2021/texmf-dist/tex/latex/base/article.cls
Document Class: article 2021/02/12 v1.4n Standard LaTeX document class
(f:/texlive/2021/texmf-dist/tex/latex/base/size12.clo
File: size12.clo 2021/02/12 v1.4n Standard LaTeX file (size option)
)
\c@part=\count182
\c@section=\count183
\c@subsection=\count184
\c@subsubsection=\count185
\c@paragraph=\count186
\c@subparagraph=\count187
\c@figure=\count188
\c@table=\count189
\abovecaptionskip=\skip47
\belowcaptionskip=\skip48
\bibindent=\dimen138
) (f:/texlive/2021/texmf-dist/tex/latex/base/inputenc.sty
Package: inputenc 2021/02/14 v1.3d Input encoding file
\inpenc@prehook=\toks16
\inpenc@posthook=\toks17
) (f:/texlive/2021/texmf-dist/tex/latex/graphics/graphicx.sty
Package: graphicx 2020/12/05 v1.2c Enhanced LaTeX Graphics (DPC,SPQR)
 (f:/texlive/2021/texmf-dist/tex/latex/graphics/keyval.sty
Package: keyval 2014/10/28 v1.15 key=value parser (DPC)
\KV@toks@=\toks18
) (f:/texlive/2021/texmf-dist/tex/latex/graphics/graphics.sty
Package: graphics 2021/03/04 v1.4d Standard LaTeX Graphics (DPC,SPQR)
 (f:/texlive/2021/texmf-dist/tex/latex/graphics/trig.sty
Package: trig 2016/01/03 v1.10 sin cos tan (DPC)
) (f:/texlive/2021/texmf-dist/tex/latex/graphics-cfg/graphics.cfg
File: graphics.cfg 2016/06/04 v1.11 sample graphics configuration
)
Package graphics Info: Driver file: pdftex.def on input line 107.
 (f:/texlive/2021/texmf-dist/tex/latex/graphics-def/pdftex.def
File: pdftex.def 2020/10/05 v1.2a Graphics/color driver for pdftex
))
\Gin@req@height=\dimen139
\Gin@req@width=\dimen140
) (f:/texlive/2021/texmf-dist/tex/latex/amsmath/amsmath.sty
Package: amsmath 2021/04/20 v2.17j AMS math features
\@mathmargin=\skip49

For additional information on amsmath, use the `?' option.
(f:/texlive/2021/texmf-dist/tex/latex/amsmath/amstext.sty
Package: amstext 2000/06/29 v2.01 AMS text
 (f:/texlive/2021/texmf-dist/tex/latex/amsmath/amsgen.sty
File: amsgen.sty 1999/11/30 v2.0 generic functions
\@emptytoks=\toks19
\ex@=\dimen141
)) (f:/texlive/2021/texmf-dist/tex/latex/amsmath/amsbsy.sty
Package: amsbsy 1999/11/29 v1.2d Bold Symbols
\pmbraise@=\dimen142
) (f:/texlive/2021/texmf-dist/tex/latex/amsmath/amsopn.sty
Package: amsopn 2016/03/08 v2.02 operator names
)
\inf@bad=\count190
LaTeX Info: Redefining \frac on input line 234.
\uproot@=\count191
\leftroot@=\count192
LaTeX Info: Redefining \overline on input line 399.
\classnum@=\count193
\DOTSCASE@=\count194
LaTeX Info: Redefining \ldots on input line 496.
LaTeX Info: Redefining \dots on input line 499.
LaTeX Info: Redefining \cdots on input line 620.
\Mathstrutbox@=\box50
\strutbox@=\box51
\big@size=\dimen143
LaTeX Font Info:    Redeclaring font encoding OML on input line 743.
LaTeX Font Info:    Redeclaring font encoding OMS on input line 744.
\macc@depth=\count195
\c@MaxMatrixCols=\count196
\dotsspace@=\muskip16
\c@parentequation=\count197
\dspbrk@lvl=\count198
\tag@help=\toks20
\row@=\count199
\column@=\count266
\maxfields@=\count267
\andhelp@=\toks21
\eqnshift@=\dimen144
\alignsep@=\dimen145
\tagshift@=\dimen146
\tagwidth@=\dimen147
\totwidth@=\dimen148
\lineht@=\dimen149
\@envbody=\toks22
\multlinegap=\skip50
\multlinetaggap=\skip51
\mathdisplay@stack=\toks23
LaTeX Info: Redefining \[ on input line 2923.
LaTeX Info: Redefining \] on input line 2924.
) (f:/texlive/2021/texmf-dist/tex/latex/amsfonts/amsfonts.sty
Package: amsfonts 2013/01/14 v3.01 Basic AMSFonts support
\symAMSa=\mathgroup4
\symAMSb=\mathgroup5
LaTeX Font Info:    Redeclaring math symbol \hbar on input line 98.
LaTeX Font Info:    Overwriting math alphabet `\mathfrak' in version `bold'
(Font)                  U/euf/m/n --> U/euf/b/n on input line 106.
) (f:/texlive/2021/texmf-dist/tex/latex/l3backend/l3backend-pdftex.def
File: l3backend-pdftex.def 2021-08-04 L3 backend support: PDF output (pdfTeX)
\l__color_backend_stack_int=\count268
\l__pdf_internal_box=\box52
) (./SaiKartik_2020A3PS0435P.aux)
\openout1 = `SaiKartik_2020A3PS0435P.aux'.

LaTeX Font Info:    Checking defaults for OML/cmm/m/it on input line 10.
LaTeX Font Info:    ... okay on input line 10.
LaTeX Font Info:    Checking defaults for OMS/cmsy/m/n on input line 10.
LaTeX Font Info:    ... okay on input line 10.
LaTeX Font Info:    Checking defaults for OT1/cmr/m/n on input line 10.
LaTeX Font Info:    ... okay on input line 10.
LaTeX Font Info:    Checking defaults for T1/cmr/m/n on input line 10.
LaTeX Font Info:    ... okay on input line 10.
LaTeX Font Info:    Checking defaults for TS1/cmr/m/n on input line 10.
LaTeX Font Info:    ... okay on input line 10.
LaTeX Font Info:    Checking defaults for OMX/cmex/m/n on input line 10.
LaTeX Font Info:    ... okay on input line 10.
LaTeX Font Info:    Checking defaults for U/cmr/m/n on input line 10.
LaTeX Font Info:    ... okay on input line 10.
 (f:/texlive/2021/texmf-dist/tex/context/base/mkii/supp-pdf.mkii
[Loading MPS to PDF converter (version 2006.09.02).]
\scratchcounter=\count269
\scratchdimen=\dimen150
\scratchbox=\box53
\nofMPsegments=\count270
\nofMParguments=\count271
\everyMPshowfont=\toks24
\MPscratchCnt=\count272
\MPscratchDim=\dimen151
\MPnumerator=\count273
\makeMPintoPDFobject=\count274
\everyMPtoPDFconversion=\toks25
) (f:/texlive/2021/texmf-dist/tex/latex/epstopdf-pkg/epstopdf-base.sty
Package: epstopdf-base 2020-01-24 v2.11 Base part for package epstopdf
Package epstopdf-base Info: Redefining graphics rule for `.eps' on input line 485.
 (f:/texlive/2021/texmf-dist/tex/latex/latexconfig/epstopdf-sys.cfg
File: epstopdf-sys.cfg 2010/07/13 v1.3 Configuration of (r)epstopdf for TeX Live
))
LaTeX Font Info:    Trying to load font information for U+msa on input line 11.
 (f:/texlive/2021/texmf-dist/tex/latex/amsfonts/umsa.fd
File: umsa.fd 2013/01/14 v3.01 AMS symbols A
)
LaTeX Font Info:    Trying to load font information for U+msb on input line 11.
 (f:/texlive/2021/texmf-dist/tex/latex/amsfonts/umsb.fd
File: umsb.fd 2013/01/14 v3.01 AMS symbols B
)
<TT.jpg, id=1, 116.23425pt x 208.3785pt>
File: TT.jpg Graphic file (type jpg)
<use TT.jpg>
Package pdftex.def Info: TT.jpg  used on input line 20.
(pdftex.def)             Requested size: 92.9875pt x 166.703pt.
 [1

{f:/texlive/2021/texmf-var/fonts/map/pdftex/updmap/pdftex.map} <./TT.jpg>]
<SOP_basic.png, id=12, 1023.825pt x 766.865pt>
File: SOP_basic.png Graphic file (type png)
<use SOP_basic.png>
Package pdftex.def Info: SOP_basic.png  used on input line 26.
(pdftex.def)             Requested size: 460.717pt x 345.08606pt.

Overfull \hbox (70.717pt too wide) in paragraph at lines 26--27
[][] 
 []

[2 <./SOP_basic.png (PNG copy)>]
<SOP_NAND.png, id=16, 421.575pt x 1358.07375pt>
File: SOP_NAND.png Graphic file (type png)
<use SOP_NAND.png>
Package pdftex.def Info: SOP_NAND.png  used on input line 33.
(pdftex.def)             Requested size: 105.39348pt x 339.51761pt.
<SOP_NAND_exp.jpg, id=17, 440.847pt x 24.09pt>
File: SOP_NAND_exp.jpg Graphic file (type jpg)
<use SOP_NAND_exp.jpg>
Package pdftex.def Info: SOP_NAND_exp.jpg  used on input line 40.
(pdftex.def)             Requested size: 440.84592pt x 24.08992pt.

Overfull \hbox (50.84592pt too wide) in paragraph at lines 40--41
[][] 
 []

[3 <./SOP_NAND.png (PNG copy)> <./SOP_NAND_exp.jpg>]
File: TT.jpg Graphic file (type jpg)
<use TT.jpg>
Package pdftex.def Info: TT.jpg  used on input line 51.
(pdftex.def)             Requested size: 92.9875pt x 166.703pt.
 [4]
<POS_basic.png, id=24, 813.0375pt x 451.6875pt>
File: POS_basic.png Graphic file (type png)
<use POS_basic.png>
Package pdftex.def Info: POS_basic.png  used on input line 58.
(pdftex.def)             Requested size: 447.17201pt x 248.42888pt.

Overfull \hbox (57.17201pt too wide) in paragraph at lines 58--59
[][] 
 []

[5 <./POS_basic.png (PNG copy)>]
<POS_NOR.png, id=28, 1144.275pt x 481.8pt>
File: POS_NOR.png Graphic file (type png)
<use POS_NOR.png>
Package pdftex.def Info: POS_NOR.png  used on input line 66.
(pdftex.def)             Requested size: 457.70189pt x 192.71658pt.

Overfull \hbox (67.70189pt too wide) in paragraph at lines 66--67
[][] 
 []

<POS_NOR_exp.jpg, id=29, 402.303pt x 22.28325pt>
File: POS_NOR_exp.jpg Graphic file (type jpg)
<use POS_NOR_exp.jpg>
Package pdftex.def Info: POS_NOR_exp.jpg  used on input line 73.
(pdftex.def)             Requested size: 402.302pt x 22.28317pt.

Overfull \hbox (12.302pt too wide) in paragraph at lines 73--74
[][] 
 []

[6 <./POS_NOR.png (PNG copy)> <./POS_NOR_exp.jpg>] (./SaiKartik_2020A3PS0435P.aux) ) 
Here is how much of TeX's memory you used:
 2037 strings out of 480559
 28898 string characters out of 5903712
 321505 words of memory out of 5000000
 19659 multiletter control sequences out of 15000+600000
 411886 words of font info for 60 fonts, out of 8000000 for 9000
 14 hyphenation exceptions out of 8191
 57i,7n,66p,291b,283s stack positions out of 5000i,500n,10000p,200000b,80000s
<f:/texlive/2021/texmf-dist/fonts/type1/public/amsfonts/cm/cmbx12.pfb><f:/texlive/2021/texmf-dist/fonts/type1/public/amsfonts/cm/cmmi12.pfb><f:/texlive/2021/texmf-dist/fonts/type1/public/amsfonts/cm/cmr12.pfb><f:/texlive/2021/texmf-dist/fonts/type1/public/amsfonts/cm/cmr17.pfb><f:/texlive/2021/texmf-dist/fonts/type1/public/amsfonts/cm/cmsy10.pfb>
Output written on SaiKartik_2020A3PS0435P.pdf (6 pages, 139604 bytes).
PDF statistics:
 55 PDF objects out of 1000 (max. 8388607)
 29 compressed objects within 1 object stream
 0 named destinations out of 1000 (max. 500000)
 36 words of extra memory for PDF output out of 10000 (max. 10000000)

