This is pdfTeX, Version 3.141592653-2.6-1.40.23 (TeX Live 2021/W32TeX) (preloaded format=pdflatex 2021.8.30)  11 SEP 2021 19:28
entering extended mode
 restricted \write18 enabled.
 file:line:error style messages enabled.
 %&-line parsing enabled.
**"c:/Users/Sai Kartik/Desktop/DD Assignments/Lab 2/SaiKartik_2020A3PS0435P.tex"
(c:/Users/Sai Kartik/Desktop/DD Assignments/Lab 2/SaiKartik_2020A3PS0435P.tex
LaTeX2e <2021-06-01> patch level 1
L3 programming layer <2021-08-27> (f:/texlive/2021/texmf-dist/tex/latex/base/article.cls
Document Class: article 2021/02/12 v1.4n Standard LaTeX document class
(f:/texlive/2021/texmf-dist/tex/latex/base/size12.clo
File: size12.clo 2021/02/12 v1.4n Standard LaTeX file (size option)
)
\c@part=\count182
\c@section=\count183
\c@subsection=\count184
\c@subsubsection=\count185
\c@paragraph=\count186
\c@subparagraph=\count187
\c@figure=\count188
\c@table=\count189
\abovecaptionskip=\skip47
\belowcaptionskip=\skip48
\bibindent=\dimen138
) (f:/texlive/2021/texmf-dist/tex/latex/base/inputenc.sty
Package: inputenc 2021/02/14 v1.3d Input encoding file
\inpenc@prehook=\toks16
\inpenc@posthook=\toks17
) (f:/texlive/2021/texmf-dist/tex/latex/graphics/graphicx.sty
Package: graphicx 2020/12/05 v1.2c Enhanced LaTeX Graphics (DPC,SPQR)
 (f:/texlive/2021/texmf-dist/tex/latex/graphics/keyval.sty
Package: keyval 2014/10/28 v1.15 key=value parser (DPC)
\KV@toks@=\toks18
) (f:/texlive/2021/texmf-dist/tex/latex/graphics/graphics.sty
Package: graphics 2021/03/04 v1.4d Standard LaTeX Graphics (DPC,SPQR)
 (f:/texlive/2021/texmf-dist/tex/latex/graphics/trig.sty
Package: trig 2016/01/03 v1.10 sin cos tan (DPC)
) (f:/texlive/2021/texmf-dist/tex/latex/graphics-cfg/graphics.cfg
File: graphics.cfg 2016/06/04 v1.11 sample graphics configuration
)
Package graphics Info: Driver file: pdftex.def on input line 107.
 (f:/texlive/2021/texmf-dist/tex/latex/graphics-def/pdftex.def
File: pdftex.def 2020/10/05 v1.2a Graphics/color driver for pdftex
))
\Gin@req@height=\dimen139
\Gin@req@width=\dimen140
) (f:/texlive/2021/texmf-dist/tex/latex/amsmath/amsmath.sty
Package: amsmath 2021/04/20 v2.17j AMS math features
\@mathmargin=\skip49

For additional information on amsmath, use the `?' option.
(f:/texlive/2021/texmf-dist/tex/latex/amsmath/amstext.sty
Package: amstext 2000/06/29 v2.01 AMS text
 (f:/texlive/2021/texmf-dist/tex/latex/amsmath/amsgen.sty
File: amsgen.sty 1999/11/30 v2.0 generic functions
\@emptytoks=\toks19
\ex@=\dimen141
)) (f:/texlive/2021/texmf-dist/tex/latex/amsmath/amsbsy.sty
Package: amsbsy 1999/11/29 v1.2d Bold Symbols
\pmbraise@=\dimen142
) (f:/texlive/2021/texmf-dist/tex/latex/amsmath/amsopn.sty
Package: amsopn 2016/03/08 v2.02 operator names
)
\inf@bad=\count190
LaTeX Info: Redefining \frac on input line 234.
\uproot@=\count191
\leftroot@=\count192
LaTeX Info: Redefining \overline on input line 399.
\classnum@=\count193
\DOTSCASE@=\count194
LaTeX Info: Redefining \ldots on input line 496.
LaTeX Info: Redefining \dots on input line 499.
LaTeX Info: Redefining \cdots on input line 620.
\Mathstrutbox@=\box50
\strutbox@=\box51
\big@size=\dimen143
LaTeX Font Info:    Redeclaring font encoding OML on input line 743.
LaTeX Font Info:    Redeclaring font encoding OMS on input line 744.
\macc@depth=\count195
\c@MaxMatrixCols=\count196
\dotsspace@=\muskip16
\c@parentequation=\count197
\dspbrk@lvl=\count198
\tag@help=\toks20
\row@=\count199
\column@=\count266
\maxfields@=\count267
\andhelp@=\toks21
\eqnshift@=\dimen144
\alignsep@=\dimen145
\tagshift@=\dimen146
\tagwidth@=\dimen147
\totwidth@=\dimen148
\lineht@=\dimen149
\@envbody=\toks22
\multlinegap=\skip50
\multlinetaggap=\skip51
\mathdisplay@stack=\toks23
LaTeX Info: Redefining \[ on input line 2923.
LaTeX Info: Redefining \] on input line 2924.
) (f:/texlive/2021/texmf-dist/tex/latex/amsfonts/amsfonts.sty
Package: amsfonts 2013/01/14 v3.01 Basic AMSFonts support
\symAMSa=\mathgroup4
\symAMSb=\mathgroup5
LaTeX Font Info:    Redeclaring math symbol \hbar on input line 98.
LaTeX Font Info:    Overwriting math alphabet `\mathfrak' in version `bold'
(Font)                  U/euf/m/n --> U/euf/b/n on input line 106.
) (f:/texlive/2021/texmf-dist/tex/latex/l3backend/l3backend-pdftex.def
File: l3backend-pdftex.def 2021-08-04 L3 backend support: PDF output (pdfTeX)
\l__color_backend_stack_int=\count268
\l__pdf_internal_box=\box52
) (./SaiKartik_2020A3PS0435P.aux)
\openout1 = `SaiKartik_2020A3PS0435P.aux'.

LaTeX Font Info:    Checking defaults for OML/cmm/m/it on input line 10.
LaTeX Font Info:    ... okay on input line 10.
LaTeX Font Info:    Checking defaults for OMS/cmsy/m/n on input line 10.
LaTeX Font Info:    ... okay on input line 10.
LaTeX Font Info:    Checking defaults for OT1/cmr/m/n on input line 10.
LaTeX Font Info:    ... okay on input line 10.
LaTeX Font Info:    Checking defaults for T1/cmr/m/n on input line 10.
LaTeX Font Info:    ... okay on input line 10.
LaTeX Font Info:    Checking defaults for TS1/cmr/m/n on input line 10.
LaTeX Font Info:    ... okay on input line 10.
LaTeX Font Info:    Checking defaults for OMX/cmex/m/n on input line 10.
LaTeX Font Info:    ... okay on input line 10.
LaTeX Font Info:    Checking defaults for U/cmr/m/n on input line 10.
LaTeX Font Info:    ... okay on input line 10.
 (f:/texlive/2021/texmf-dist/tex/context/base/mkii/supp-pdf.mkii
[Loading MPS to PDF converter (version 2006.09.02).]
\scratchcounter=\count269
\scratchdimen=\dimen150
\scratchbox=\box53
\nofMPsegments=\count270
\nofMParguments=\count271
\everyMPshowfont=\toks24
\MPscratchCnt=\count272
\MPscratchDim=\dimen151
\MPnumerator=\count273
\makeMPintoPDFobject=\count274
\everyMPtoPDFconversion=\toks25
) (f:/texlive/2021/texmf-dist/tex/latex/epstopdf-pkg/epstopdf-base.sty
Package: epstopdf-base 2020-01-24 v2.11 Base part for package epstopdf
Package epstopdf-base Info: Redefining graphics rule for `.eps' on input line 485.
 (f:/texlive/2021/texmf-dist/tex/latex/latexconfig/epstopdf-sys.cfg
File: epstopdf-sys.cfg 2010/07/13 v1.3 Configuration of (r)epstopdf for TeX Live
))
LaTeX Font Info:    Trying to load font information for U+msa on input line 11.
 (f:/texlive/2021/texmf-dist/tex/latex/amsfonts/umsa.fd
File: umsa.fd 2013/01/14 v3.01 AMS symbols A
)
LaTeX Font Info:    Trying to load font information for U+msb on input line 11.
 (f:/texlive/2021/texmf-dist/tex/latex/amsfonts/umsb.fd
File: umsb.fd 2013/01/14 v3.01 AMS symbols B
)
<onlynands.png, id=1, 1228.59pt x 542.025pt>
File: onlynands.png Graphic file (type png)
<use onlynands.png>
Package pdftex.def Info: onlynands.png  used on input line 15.
(pdftex.def)             Requested size: 368.57985pt x 162.60875pt.
 [1

{f:/texlive/2021/texmf-var/fonts/map/pdftex/updmap/pdftex.map} <./onlynands.png (PNG copy)>]
<ttonlynands.jpg, id=10, 161.403pt x 205.9695pt>
File: ttonlynands.jpg Graphic file (type jpg)
<use ttonlynands.jpg>
Package pdftex.def Info: ttonlynands.jpg  used on input line 23.
(pdftex.def)             Requested size: 161.4026pt x 205.96898pt.
 [2 <./ttonlynands.jpg>]
<only2nands.png, id=16, 1228.59pt x 542.025pt>
File: only2nands.png Graphic file (type png)
<use only2nands.png>
Package pdftex.def Info: only2nands.png  used on input line 36.
(pdftex.def)             Requested size: 368.57985pt x 162.60875pt.
 [3 <./only2nands.png (PNG copy)>]
<ttonly2nands.jpg, id=20, 164.41425pt x 221.02576pt>
File: ttonly2nands.jpg Graphic file (type jpg)
<use ttonly2nands.jpg>
Package pdftex.def Info: ttonly2nands.jpg  used on input line 44.
(pdftex.def)             Requested size: 164.41383pt x 221.0252pt.
 [4 <./ttonly2nands.jpg>]
<onlynors.png, id=24, 1218.5525pt x 612.2875pt>
File: onlynors.png Graphic file (type png)
<use onlynors.png>
Package pdftex.def Info: onlynors.png  used on input line 52.
(pdftex.def)             Requested size: 365.56857pt x 183.68767pt.
 [5 <./onlynors.png (PNG copy)>]
<ttonlynors.jpg, id=28, 160.80075pt x 202.95825pt>
File: ttonlynors.jpg Graphic file (type jpg)
<use ttonlynors.jpg>
Package pdftex.def Info: ttonlynors.jpg  used on input line 60.
(pdftex.def)             Requested size: 160.80034pt x 202.95775pt.
 [6 <./ttonlynors.jpg>]
<only2nors.png, id=32, 1218.5525pt x 612.2875pt>
File: only2nors.png Graphic file (type png)
<use only2nors.png>
Package pdftex.def Info: only2nors.png  used on input line 73.
(pdftex.def)             Requested size: 365.56857pt x 183.68767pt.
 [7 <./only2nors.png (PNG copy)>]
<ttonly2nors.jpg, id=37, 155.3805pt x 199.947pt>
File: ttonly2nors.jpg Graphic file (type jpg)
<use ttonly2nors.jpg>
Package pdftex.def Info: ttonly2nors.jpg  used on input line 81.
(pdftex.def)             Requested size: 155.3801pt x 199.9465pt.
 [8 <./ttonly2nors.jpg>] (./SaiKartik_2020A3PS0435P.aux) ) 
Here is how much of TeX's memory you used:
 2044 strings out of 480559
 29111 string characters out of 5903712
 319505 words of memory out of 5000000
 19665 multiletter control sequences out of 15000+600000
 411886 words of font info for 60 fonts, out of 8000000 for 9000
 14 hyphenation exceptions out of 8191
 57i,7n,66p,291b,281s stack positions out of 5000i,500n,10000p,200000b,80000s
<f:/texlive/2021/texmf-dist/fonts/type1/public/amsfonts/cm/cmbx12.pfb><f:/texlive/2021/texmf-dist/fonts/type1/public/amsfonts/cm/cmmi12.pfb><f:/texlive/2021/texmf-dist/fonts/type1/public/amsfonts/cm/cmr12.pfb><f:/texlive/2021/texmf-dist/fonts/type1/public/amsfonts/cm/cmr17.pfb><f:/texlive/2021/texmf-dist/fonts/type1/public/amsfonts/cm/cmr8.pfb>
Output written on SaiKartik_2020A3PS0435P.pdf (8 pages, 191201 bytes).
PDF statistics:
 64 PDF objects out of 1000 (max. 8388607)
 35 compressed objects within 1 object stream
 0 named destinations out of 1000 (max. 500000)
 41 words of extra memory for PDF output out of 10000 (max. 10000000)

